<?xml version="1.0" encoding="UTF-8"?>
<coverage generated="1770588539065" clover="3.2.0">
  <project timestamp="1770588539065" name="All files">
    <metrics statements="44" coveredstatements="41" conditionals="27" coveredconditionals="23" methods="8" coveredmethods="8" elements="79" coveredelements="72" complexity="0" loc="44" ncloc="44" packages="1" files="1" classes="1"/>
    <file name="helpers.ts" path="/Users/applesucks/dev/css-variables-vscode/src/helpers.ts">
      <metrics statements="44" coveredstatements="41" conditionals="27" coveredconditionals="23" methods="8" coveredmethods="8"/>
      <line num="5" count="2" type="stmt"/>
      <line num="9" count="3" type="cond" truecount="1" falsecount="0"/>
      <line num="10" count="2" type="stmt"/>
      <line num="11" count="6" type="stmt"/>
      <line num="12" count="5" type="stmt"/>
      <line num="13" count="5" type="stmt"/>
      <line num="15" count="1" type="stmt"/>
      <line num="18" count="2" type="stmt"/>
      <line num="21" count="7" type="cond" truecount="1" falsecount="0"/>
      <line num="22" count="2" type="stmt"/>
      <line num="24" count="5" type="stmt"/>
      <line num="25" count="5" type="cond" truecount="1" falsecount="0"/>
      <line num="30" count="4" type="stmt"/>
      <line num="32" count="1" type="stmt"/>
      <line num="35" count="2" type="stmt"/>
      <line num="36" count="6" type="cond" truecount="4" falsecount="0"/>
      <line num="37" count="3" type="stmt"/>
      <line num="39" count="3" type="stmt"/>
      <line num="42" count="2" type="stmt"/>
      <line num="45" count="13" type="cond" truecount="1" falsecount="0"/>
      <line num="46" count="2" type="stmt"/>
      <line num="48" count="11" type="stmt"/>
      <line num="49" count="11" type="cond" truecount="9" falsecount="1"/>
      <line num="52" count="3" type="stmt"/>
      <line num="55" count="3" type="stmt"/>
      <line num="61" count="4" type="stmt"/>
      <line num="63" count="1" type="stmt"/>
      <line num="77" count="2" type="stmt"/>
      <line num="78" count="2" type="stmt"/>
      <line num="80" count="2" type="cond" truecount="2" falsecount="0"/>
      <line num="81" count="1" type="stmt"/>
      <line num="82" count="1" type="cond" truecount="1" falsecount="0"/>
      <line num="83" count="1" type="stmt"/>
      <line num="86" count="2" type="stmt"/>
      <line num="87" count="1" type="stmt"/>
      <line num="90" count="2" type="stmt"/>
      <line num="91" count="1" type="stmt"/>
      <line num="94" count="2" type="cond" truecount="0" falsecount="1"/>
      <line num="95" count="0" type="stmt"/>
      <line num="98" count="2" type="cond" truecount="0" falsecount="1"/>
      <line num="99" count="0" type="stmt"/>
      <line num="102" count="2" type="cond" truecount="0" falsecount="1"/>
      <line num="103" count="0" type="stmt"/>
      <line num="106" count="2" type="stmt"/>
    </file>
  </project>
</coverage>
