{"/Users/applesucks/dev/css-variables-vscode/src/helpers.ts": {"path":"/Users/applesucks/dev/css-variables-vscode/src/helpers.ts","statementMap":{"0":{"start":{"line":5,"column":0},"end":{"line":5,"column":16}},"1":{"start":{"line":18,"column":0},"end":{"line":18,"column":16}},"2":{"start":{"line":35,"column":0},"end":{"line":35,"column":16}},"3":{"start":{"line":42,"column":0},"end":{"line":42,"column":16}},"4":{"start":{"line":77,"column":0},"end":{"line":77,"column":16}},"5":{"start":{"line":9,"column":2},"end":{"line":14,"column":3}},"6":{"start":{"line":10,"column":4},"end":{"line":13,"column":43}},"7":{"start":{"line":11,"column":42},"end":{"line":11,"column":67}},"8":{"start":{"line":12,"column":22},"end":{"line":12,"column":34}},"9":{"start":{"line":13,"column":25},"end":{"line":13,"column":41}},"10":{"start":{"line":15,"column":2},"end":{"line":15,"column":18}},"11":{"start":{"line":21,"column":2},"end":{"line":23,"column":3}},"12":{"start":{"line":22,"column":4},"end":{"line":22,"column":21}},"13":{"start":{"line":24,"column":21},"end":{"line":24,"column":40}},"14":{"start":{"line":25,"column":2},"end":{"line":31,"column":3}},"15":{"start":{"line":30,"column":4},"end":{"line":30,"column":22}},"16":{"start":{"line":32,"column":2},"end":{"line":32,"column":19}},"17":{"start":{"line":36,"column":2},"end":{"line":38,"column":3}},"18":{"start":{"line":37,"column":4},"end":{"line":37,"column":21}},"19":{"start":{"line":39,"column":2},"end":{"line":39,"column":27}},"20":{"start":{"line":45,"column":2},"end":{"line":47,"column":3}},"21":{"start":{"line":46,"column":4},"end":{"line":46,"column":21}},"22":{"start":{"line":48,"column":21},"end":{"line":48,"column":47}},"23":{"start":{"line":49,"column":2},"end":{"line":64,"column":3}},"24":{"start":{"line":52,"column":6},"end":{"line":52,"column":23}},"25":{"start":{"line":55,"column":6},"end":{"line":55,"column":20}},"26":{"start":{"line":61,"column":6},"end":{"line":61,"column":19}},"27":{"start":{"line":63,"column":6},"end":{"line":63,"column":23}},"28":{"start":{"line":78,"column":25},"end":{"line":78,"column":27}},"29":{"start":{"line":80,"column":2},"end":{"line":84,"column":3}},"30":{"start":{"line":81,"column":4},"end":{"line":81,"column":36}},"31":{"start":{"line":82,"column":9},"end":{"line":84,"column":3}},"32":{"start":{"line":83,"column":4},"end":{"line":83,"column":40}},"33":{"start":{"line":86,"column":2},"end":{"line":88,"column":3}},"34":{"start":{"line":87,"column":4},"end":{"line":87,"column":37}},"35":{"start":{"line":90,"column":2},"end":{"line":92,"column":3}},"36":{"start":{"line":91,"column":4},"end":{"line":91,"column":37}},"37":{"start":{"line":94,"column":2},"end":{"line":96,"column":3}},"38":{"start":{"line":95,"column":4},"end":{"line":95,"column":52}},"39":{"start":{"line":98,"column":2},"end":{"line":100,"column":3}},"40":{"start":{"line":99,"column":4},"end":{"line":99,"column":73}},"41":{"start":{"line":102,"column":2},"end":{"line":104,"column":3}},"42":{"start":{"line":103,"column":4},"end":{"line":103,"column":71}},"43":{"start":{"line":106,"column":2},"end":{"line":106,"column":14}}},"fnMap":{"0":{"name":"normalizeStringArray","decl":{"start":{"line":5,"column":16},"end":{"line":5,"column":36}},"loc":{"start":{"line":7,"column":20},"end":{"line":16,"column":1}}},"1":{"name":"(anonymous_1)","decl":{"start":{"line":11,"column":14},"end":{"line":11,"column":15}},"loc":{"start":{"line":11,"column":42},"end":{"line":11,"column":67}}},"2":{"name":"(anonymous_2)","decl":{"start":{"line":12,"column":11},"end":{"line":12,"column":12}},"loc":{"start":{"line":12,"column":22},"end":{"line":12,"column":34}}},"3":{"name":"(anonymous_3)","decl":{"start":{"line":13,"column":14},"end":{"line":13,"column":15}},"loc":{"start":{"line":13,"column":25},"end":{"line":13,"column":41}}},"4":{"name":"normalizePathDisplay","decl":{"start":{"line":18,"column":16},"end":{"line":18,"column":36}},"loc":{"start":{"line":19,"column":16},"end":{"line":33,"column":1}}},"5":{"name":"normalizePathDisplayLength","decl":{"start":{"line":35,"column":16},"end":{"line":35,"column":42}},"loc":{"start":{"line":35,"column":57},"end":{"line":40,"column":1}}},"6":{"name":"normalizeUndefinedVarFallback","decl":{"start":{"line":42,"column":16},"end":{"line":42,"column":45}},"loc":{"start":{"line":43,"column":16},"end":{"line":65,"column":1}}},"7":{"name":"buildServerArgs","decl":{"start":{"line":77,"column":16},"end":{"line":77,"column":31}},"loc":{"start":{"line":77,"column":58},"end":{"line":107,"column":1}}}},"branchMap":{"0":{"loc":{"start":{"line":9,"column":2},"end":{"line":14,"column":3}},"type":"if","locations":[{"start":{"line":9,"column":2},"end":{"line":14,"column":3}}]},"1":{"loc":{"start":{"line":21,"column":2},"end":{"line":23,"column":3}},"type":"if","locations":[{"start":{"line":21,"column":2},"end":{"line":23,"column":3}}]},"2":{"loc":{"start":{"line":25,"column":2},"end":{"line":31,"column":3}},"type":"if","locations":[{"start":{"line":25,"column":2},"end":{"line":31,"column":3}}]},"3":{"loc":{"start":{"line":26,"column":4},"end":{"line":28,"column":32}},"type":"binary-expr","locations":[{"start":{"line":26,"column":4},"end":{"line":26,"column":29}},{"start":{"line":27,"column":4},"end":{"line":27,"column":29}},{"start":{"line":28,"column":4},"end":{"line":28,"column":32}}]},"4":{"loc":{"start":{"line":36,"column":2},"end":{"line":38,"column":3}},"type":"if","locations":[{"start":{"line":36,"column":2},"end":{"line":38,"column":3}}]},"5":{"loc":{"start":{"line":36,"column":6},"end":{"line":36,"column":71}},"type":"binary-expr","locations":[{"start":{"line":36,"column":6},"end":{"line":36,"column":31}},{"start":{"line":36,"column":35},"end":{"line":36,"column":58}},{"start":{"line":36,"column":62},"end":{"line":36,"column":71}}]},"6":{"loc":{"start":{"line":45,"column":2},"end":{"line":47,"column":3}},"type":"if","locations":[{"start":{"line":45,"column":2},"end":{"line":47,"column":3}}]},"7":{"loc":{"start":{"line":49,"column":2},"end":{"line":64,"column":3}},"type":"switch","locations":[{"start":{"line":50,"column":4},"end":{"line":50,"column":19}},{"start":{"line":51,"column":4},"end":{"line":52,"column":23}},{"start":{"line":53,"column":4},"end":{"line":53,"column":16}},{"start":{"line":54,"column":4},"end":{"line":55,"column":20}},{"start":{"line":56,"column":4},"end":{"line":56,"column":15}},{"start":{"line":57,"column":4},"end":{"line":57,"column":19}},{"start":{"line":58,"column":4},"end":{"line":58,"column":20}},{"start":{"line":59,"column":4},"end":{"line":59,"column":16}},{"start":{"line":60,"column":4},"end":{"line":61,"column":19}},{"start":{"line":62,"column":4},"end":{"line":63,"column":23}}]},"8":{"loc":{"start":{"line":80,"column":2},"end":{"line":84,"column":3}},"type":"if","locations":[{"start":{"line":80,"column":2},"end":{"line":84,"column":3}},{"start":{"line":82,"column":9},"end":{"line":84,"column":3}}]},"9":{"loc":{"start":{"line":82,"column":9},"end":{"line":84,"column":3}},"type":"if","locations":[{"start":{"line":82,"column":9},"end":{"line":84,"column":3}}]},"10":{"loc":{"start":{"line":94,"column":2},"end":{"line":96,"column":3}},"type":"if","locations":[{"start":{"line":94,"column":2},"end":{"line":96,"column":3}}]},"11":{"loc":{"start":{"line":98,"column":2},"end":{"line":100,"column":3}},"type":"if","locations":[{"start":{"line":98,"column":2},"end":{"line":100,"column":3}}]},"12":{"loc":{"start":{"line":102,"column":2},"end":{"line":104,"column":3}},"type":"if","locations":[{"start":{"line":102,"column":2},"end":{"line":104,"column":3}}]}},"s":{"0":2,"1":2,"2":2,"3":2,"4":2,"5":3,"6":2,"7":6,"8":5,"9":5,"10":1,"11":7,"12":2,"13":5,"14":5,"15":4,"16":1,"17":6,"18":3,"19":3,"20":13,"21":2,"22":11,"23":11,"24":3,"25":3,"26":4,"27":1,"28":2,"29":2,"30":1,"31":1,"32":1,"33":2,"34":1,"35":2,"36":1,"37":2,"38":0,"39":2,"40":0,"41":2,"42":0,"43":2},"f":{"0":3,"1":6,"2":5,"3":5,"4":7,"5":6,"6":13,"7":2},"b":{"0":[2],"1":[2],"2":[4],"3":[5,3,2],"4":[3],"5":[6,5,4],"6":[2],"7":[1,3,2,3,0,1,2,3,4,1],"8":[1,1],"9":[1],"10":[0],"11":[0],"12":[0]}}
}
