TN:
SF:src/helpers.ts
FN:5,normalizeStringArray
FN:11,(anonymous_1)
FN:12,(anonymous_2)
FN:13,(anonymous_3)
FN:18,normalizePathDisplay
FN:35,normalizePathDisplayLength
FN:42,normalizeUndefinedVarFallback
FN:77,buildServerArgs
FNF:8
FNH:8
FNDA:3,normalizeStringArray
FNDA:6,(anonymous_1)
FNDA:5,(anonymous_2)
FNDA:5,(anonymous_3)
FNDA:7,normalizePathDisplay
FNDA:6,normalizePathDisplayLength
FNDA:13,normalizeUndefinedVarFallback
FNDA:2,buildServerArgs
DA:5,2
DA:9,3
DA:10,2
DA:11,6
DA:12,5
DA:13,5
DA:15,1
DA:18,2
DA:21,7
DA:22,2
DA:24,5
DA:25,5
DA:30,4
DA:32,1
DA:35,2
DA:36,6
DA:37,3
DA:39,3
DA:42,2
DA:45,13
DA:46,2
DA:48,11
DA:49,11
DA:52,3
DA:55,3
DA:61,4
DA:63,1
DA:77,2
DA:78,2
DA:80,2
DA:81,1
DA:82,1
DA:83,1
DA:86,2
DA:87,1
DA:90,2
DA:91,1
DA:94,2
DA:95,0
DA:98,2
DA:99,0
DA:102,2
DA:103,0
DA:106,2
LF:44
LH:41
BRDA:9,0,0,2
BRDA:21,1,0,2
BRDA:25,2,0,4
BRDA:26,3,0,5
BRDA:26,3,1,3
BRDA:26,3,2,2
BRDA:36,4,0,3
BRDA:36,5,0,6
BRDA:36,5,1,5
BRDA:36,5,2,4
BRDA:45,6,0,2
BRDA:49,7,0,1
BRDA:49,7,1,3
BRDA:49,7,2,2
BRDA:49,7,3,3
BRDA:49,7,4,0
BRDA:49,7,5,1
BRDA:49,7,6,2
BRDA:49,7,7,3
BRDA:49,7,8,4
BRDA:49,7,9,1
BRDA:80,8,0,1
BRDA:80,8,1,1
BRDA:82,9,0,1
BRDA:94,10,0,0
BRDA:98,11,0,0
BRDA:102,12,0,0
BRF:27
BRH:23
end_of_record
